{
  "stats": {
    "suites": 1,
    "tests": 1,
    "passes": 1,
    "pending": 0,
    "failures": 0,
    "start": "2021-04-30T15:36:42.324Z",
    "end": "2021-04-30T15:36:45.191Z",
    "duration": 2867,
    "testsRegistered": 1,
    "passPercent": 100,
    "pendingPercent": 0,
    "other": 0,
    "hasOther": false,
    "skipped": 0,
    "hasSkipped": false
  },
  "results": [
    {
      "uuid": "df2867f6-04ea-4958-962c-0cfc53af1129",
      "title": "",
      "fullFile": "cypress/integration/hello-word.spect.js",
      "file": "cypress/integration/hello-word.spect.js",
      "beforeHooks": [],
      "afterHooks": [],
      "tests": [],
      "suites": [
        {
          "uuid": "26731b86-384a-4ce7-9e36-a5101d3ad468",
          "title": "First exempele",
          "fullFile": "",
          "file": "",
          "beforeHooks": [],
          "afterHooks": [],
          "tests": [
            {
              "title": "Test case 1",
              "fullTitle": "First exempele Test case 1",
              "timedOut": null,
              "duration": 2763,
              "state": "passed",
              "speed": "slow",
              "pass": true,
              "fail": false,
              "pending": false,
              "context": null,
              "code": "//visit home page:\ncy.visit('http://localhost:3000/login'); //Den hämtar site title:\ncy.title().should('eq', 'Testers Hotel');\ncy.contains('Login');\ncy.log('Asserted that the login string/label exists on this specific page');\ncy.get(':nth-child(1) > input').type('tester01');\ncy.get(':nth-child(2) > input').type('GteteqbQQgSr88SwNExUQv2ydb7xuf8c');\ncy.get('.btn').click();\ncy.get('.blocks > :nth-child(1) > div').should('contain', 'Number:');\ncy.get('.user > .btn').click();\ncy.contains('Login');\ncy.get('.btn');",
              "err": {},
              "uuid": "58a9f114-edb8-4de2-bb69-86da70b632e3",
              "parentUUID": "26731b86-384a-4ce7-9e36-a5101d3ad468",
              "isHook": false,
              "skipped": false
            }
          ],
          "suites": [],
          "passes": [
            "58a9f114-edb8-4de2-bb69-86da70b632e3"
          ],
          "failures": [],
          "pending": [],
          "skipped": [],
          "duration": 2763,
          "root": false,
          "rootEmpty": false,
          "_timeout": 2000
        }
      ],
      "passes": [],
      "failures": [],
      "pending": [],
      "skipped": [],
      "duration": 0,
      "root": true,
      "rootEmpty": true,
      "_timeout": 2000
    }
  ],
  "meta": {
    "mocha": {
      "version": "7.0.1"
    },
    "mochawesome": {
      "options": {
        "quiet": false,
        "reportFilename": "mochawesome",
        "saveHtml": false,
        "saveJson": true,
        "consoleReporter": "spec",
        "useInlineDiffs": false,
        "code": true
      },
      "version": "6.2.2"
    },
    "marge": {
      "options": {
        "reportDir": "cypress/results",
        "overwrite": false,
        "html": false,
        "json": true
      },
      "version": "5.2.0"
    }
  }
}