{
  "stats": {
    "suites": 1,
    "tests": 2,
    "passes": 2,
    "pending": 0,
    "failures": 0,
    "start": "2021-04-30T16:11:41.282Z",
    "end": "2021-04-30T16:11:49.309Z",
    "duration": 8027,
    "testsRegistered": 2,
    "passPercent": 100,
    "pendingPercent": 0,
    "other": 0,
    "hasOther": false,
    "skipped": 0,
    "hasSkipped": false
  },
  "results": [
    {
      "uuid": "29a5d99b-5ba2-4c39-88cc-fe547d5a0c0f",
      "title": "",
      "fullFile": "cypress/integration/page-objects.spec.js",
      "file": "cypress/integration/page-objects.spec.js",
      "beforeHooks": [],
      "afterHooks": [],
      "tests": [],
      "suites": [
        {
          "uuid": "4fcad0d5-44cc-470d-bc6a-b9930332b540",
          "title": "Testsuite",
          "fullFile": "",
          "file": "",
          "beforeHooks": [],
          "afterHooks": [],
          "tests": [
            {
              "title": "Login and logout",
              "fullTitle": "Testsuite Login and logout",
              "timedOut": null,
              "duration": 3223,
              "state": "passed",
              "speed": "slow",
              "pass": true,
              "fail": false,
              "pending": false,
              "context": null,
              "code": "//    loginPage.loginUser(\"tester01\", \"GteteqbQQgSr88SwNExUQv2ydb7xuf8c\", \"Tester Hotel Overview\")\ncy.log('at dashboard page!');\ncy.log('logout!');\ncy.percySnapshot('logout');",
              "err": {},
              "uuid": "99d48f83-d99c-4414-aff8-76eee86b19fa",
              "parentUUID": "4fcad0d5-44cc-470d-bc6a-b9930332b540",
              "isHook": false,
              "skipped": false
            },
            {
              "title": "Creat client and verify",
              "fullTitle": "Testsuite Creat client and verify",
              "timedOut": null,
              "duration": 4742,
              "state": "passed",
              "speed": "slow",
              "pass": true,
              "fail": false,
              "pending": false,
              "context": null,
              "code": "indexPage.viewClients(\"Clients\");\ncy.log('Client page!');\ncy.percySnapshot('Before client');\nclientsPage.viewClientNew(\"New Client\");\nclientNewPage.createClient(randomName, randomMail, randomPhone, \"Clients\");\nclientsPage.verifyLastClient(randomName, randomMail, randomPhone);\ncy.log('Client page!');\ncy.percySnapshot('After-Client');\nclientsPage.deleteLastClient();\nindexPage.logoutUser(\"Login\");",
              "err": {},
              "uuid": "78850883-75a8-4e04-8cb9-c4dd4ee70a9f",
              "parentUUID": "4fcad0d5-44cc-470d-bc6a-b9930332b540",
              "isHook": false,
              "skipped": false
            }
          ],
          "suites": [],
          "passes": [
            "99d48f83-d99c-4414-aff8-76eee86b19fa",
            "78850883-75a8-4e04-8cb9-c4dd4ee70a9f"
          ],
          "failures": [],
          "pending": [],
          "skipped": [],
          "duration": 7965,
          "root": false,
          "rootEmpty": false,
          "_timeout": 2000
        }
      ],
      "passes": [],
      "failures": [],
      "pending": [],
      "skipped": [],
      "duration": 0,
      "root": true,
      "rootEmpty": true,
      "_timeout": 2000
    }
  ],
  "meta": {
    "mocha": {
      "version": "7.0.1"
    },
    "mochawesome": {
      "options": {
        "quiet": false,
        "reportFilename": "mochawesome",
        "saveHtml": false,
        "saveJson": true,
        "consoleReporter": "spec",
        "useInlineDiffs": false,
        "code": true
      },
      "version": "6.2.2"
    },
    "marge": {
      "options": {
        "reportDir": "cypress/results",
        "overwrite": false,
        "html": false,
        "json": true
      },
      "version": "5.2.0"
    }
  }
}