{
  "stats": {
    "suites": 1,
    "tests": 2,
    "passes": 2,
    "pending": 0,
    "failures": 0,
    "start": "2021-04-30T15:37:01.785Z",
    "end": "2021-04-30T15:37:09.236Z",
    "duration": 7451,
    "testsRegistered": 2,
    "passPercent": 100,
    "pendingPercent": 0,
    "other": 0,
    "hasOther": false,
    "skipped": 0,
    "hasSkipped": false
  },
  "results": [
    {
      "uuid": "fee24234-4886-48f4-a396-81512b76dcbd",
      "title": "",
      "fullFile": "cypress/integration/page-objects.spec.js",
      "file": "cypress/integration/page-objects.spec.js",
      "beforeHooks": [],
      "afterHooks": [],
      "tests": [],
      "suites": [
        {
          "uuid": "1a0a58b9-0613-45b4-badf-2eb9f8dde93e",
          "title": "Testsuite",
          "fullFile": "",
          "file": "",
          "beforeHooks": [],
          "afterHooks": [],
          "tests": [
            {
              "title": "Login and logout",
              "fullTitle": "Testsuite Login and logout",
              "timedOut": null,
              "duration": 2930,
              "state": "passed",
              "speed": "slow",
              "pass": true,
              "fail": false,
              "pending": false,
              "context": null,
              "code": "//    loginPage.loginUser(\"tester01\", \"GteteqbQQgSr88SwNExUQv2ydb7xuf8c\", \"Tester Hotel Overview\")\ncy.log('at dashboard page!');\ncy.log('logout!');\ncy.percySnapshot('logout');",
              "err": {},
              "uuid": "2607c05e-5b88-4d06-b1c3-1847a49a60fe",
              "parentUUID": "1a0a58b9-0613-45b4-badf-2eb9f8dde93e",
              "isHook": false,
              "skipped": false
            },
            {
              "title": "Creat client and verify",
              "fullTitle": "Testsuite Creat client and verify",
              "timedOut": null,
              "duration": 4414,
              "state": "passed",
              "speed": "slow",
              "pass": true,
              "fail": false,
              "pending": false,
              "context": null,
              "code": "indexPage.viewClients(\"Clients\");\ncy.log('Client page!');\ncy.percySnapshot('Before client');\nclientsPage.viewClientNew(\"New Client\");\nclientNewPage.createClient(randomName, randomMail, randomPhone, \"Clients\");\nclientsPage.verifyLastClient(randomName, randomMail, randomPhone);\ncy.log('Client page!');\ncy.percySnapshot('After-Client');\nclientsPage.deleteLastClient();\nindexPage.logoutUser(\"Login\");",
              "err": {},
              "uuid": "07c75bc3-2570-44de-9ce1-84bf03d92676",
              "parentUUID": "1a0a58b9-0613-45b4-badf-2eb9f8dde93e",
              "isHook": false,
              "skipped": false
            }
          ],
          "suites": [],
          "passes": [
            "2607c05e-5b88-4d06-b1c3-1847a49a60fe",
            "07c75bc3-2570-44de-9ce1-84bf03d92676"
          ],
          "failures": [],
          "pending": [],
          "skipped": [],
          "duration": 7344,
          "root": false,
          "rootEmpty": false,
          "_timeout": 2000
        }
      ],
      "passes": [],
      "failures": [],
      "pending": [],
      "skipped": [],
      "duration": 0,
      "root": true,
      "rootEmpty": true,
      "_timeout": 2000
    }
  ],
  "meta": {
    "mocha": {
      "version": "7.0.1"
    },
    "mochawesome": {
      "options": {
        "quiet": false,
        "reportFilename": "mochawesome",
        "saveHtml": false,
        "saveJson": true,
        "consoleReporter": "spec",
        "useInlineDiffs": false,
        "code": true
      },
      "version": "6.2.2"
    },
    "marge": {
      "options": {
        "reportDir": "cypress/results",
        "overwrite": false,
        "html": false,
        "json": true
      },
      "version": "5.2.0"
    }
  }
}